2025-04-09 21:11:43.931+0000 INFO  Logging config in use: Embedded default config 'default-user-logs.xml'
2025-04-09 21:11:43.936+0000 WARN  Use of deprecated setting 'dbms.directories.data'. It is replaced by 'server.directories.data'.
2025-04-09 21:11:43.936+0000 WARN  Use of deprecated setting 'dbms.directories.import'. It is replaced by 'server.directories.import'.
2025-04-09 21:11:43.936+0000 WARN  Use of deprecated setting 'dbms.directories.logs'. It is replaced by 'server.directories.logs'.
2025-04-09 21:11:43.936+0000 WARN  Use of deprecated setting 'dbms.connector.http.enabled'. It is replaced by 'server.http.enabled'.
2025-04-09 21:11:43.936+0000 WARN  Use of deprecated setting 'dbms.connector.http.listen_address'. It is replaced by 'server.http.listen_address'.
2025-04-09 21:11:43.937+0000 WARN  Use of deprecated setting 'dbms.connector.bolt.listen_address'. It is replaced by 'server.bolt.listen_address'.
2025-04-09 21:11:43.937+0000 WARN  Use of deprecated setting 'dbms.connector.bolt.tls_level'. It is replaced by 'server.bolt.tls_level'.
2025-04-09 21:11:43.937+0000 WARN  Use of deprecated setting 'dbms.connector.bolt.enabled'. It is replaced by 'server.bolt.enabled'.
2025-04-09 21:11:43.937+0000 WARN  Use of deprecated setting 'dbms.default_listen_address'. It is replaced by 'server.default_listen_address'.
2025-04-09 21:11:43.937+0000 WARN  Use of deprecated setting 'dbms.default_advertised_address'. It is replaced by 'server.default_advertised_address'.
2025-04-09 21:11:43.938+0000 WARN  Use of deprecated setting 'dbms.memory.pagecache.size'. It is replaced by 'server.memory.pagecache.size'.
2025-04-09 21:11:43.938+0000 WARN  Use of deprecated setting 'dbms.memory.heap.max_size'. It is replaced by 'server.memory.heap.max_size'.
2025-04-09 21:11:43.938+0000 WARN  Use of deprecated setting 'dbms.memory.heap.initial_size'. It is replaced by 'server.memory.heap.initial_size'.
2025-04-09 21:11:43.939+0000 INFO  Starting...
2025-04-09 21:11:44.388+0000 INFO  This instance is ServerId{acdcb086} (acdcb086-ae78-4e37-8ed7-e457745d9bfe)
2025-04-09 21:11:44.775+0000 INFO  ======== Neo4j 5.13.0 ========
2025-04-09 21:11:49.941+0000 ERROR Failed to start Neo4j on 0.0.0.0:7474.
java.lang.RuntimeException: Error starting Neo4j database server at /data/databases
	at org.neo4j.graphdb.facade.DatabaseManagementServiceFactory.startDatabaseServer(DatabaseManagementServiceFactory.java:272) ~[neo4j-5.13.0.jar:5.13.0]
	at org.neo4j.graphdb.facade.DatabaseManagementServiceFactory.build(DatabaseManagementServiceFactory.java:208) ~[neo4j-5.13.0.jar:5.13.0]
	at org.neo4j.server.CommunityBootstrapper.createNeo(CommunityBootstrapper.java:38) ~[neo4j-5.13.0.jar:5.13.0]
	at org.neo4j.server.NeoBootstrapper.start(NeoBootstrapper.java:187) [neo4j-5.13.0.jar:5.13.0]
	at org.neo4j.server.NeoBootstrapper.start(NeoBootstrapper.java:99) [neo4j-5.13.0.jar:5.13.0]
	at org.neo4j.server.CommunityEntryPoint.main(CommunityEntryPoint.java:30) [neo4j-5.13.0.jar:5.13.0]
Caused by: org.neo4j.kernel.lifecycle.LifecycleException: Component 'org.neo4j.bolt.BoltServer@2c829dbc' failed to initialize. Please see the attached cause exception "Requested encryption level OPTIONAL for Bolt connector but no SSL policy was given".
	at org.neo4j.kernel.lifecycle.LifeSupport$LifecycleInstance.init(LifeSupport.java:335) ~[neo4j-common-5.13.0.jar:5.13.0]
	at org.neo4j.kernel.lifecycle.LifeSupport.init(LifeSupport.java:57) ~[neo4j-common-5.13.0.jar:5.13.0]
	at org.neo4j.kernel.lifecycle.LifeSupport.start(LifeSupport.java:86) ~[neo4j-common-5.13.0.jar:5.13.0]
	at org.neo4j.graphdb.facade.DatabaseManagementServiceFactory.startDatabaseServer(DatabaseManagementServiceFactory.java:263) ~[neo4j-5.13.0.jar:5.13.0]
	... 5 more
Caused by: java.lang.IllegalStateException: Requested encryption level OPTIONAL for Bolt connector but no SSL policy was given
	at org.neo4j.bolt.BoltServer.init(BoltServer.java:256) ~[neo4j-bolt-5.13.0.jar:5.13.0]
	at org.neo4j.kernel.lifecycle.LifeSupport$LifecycleInstance.init(LifeSupport.java:318) ~[neo4j-common-5.13.0.jar:5.13.0]
	at org.neo4j.kernel.lifecycle.LifeSupport.init(LifeSupport.java:57) ~[neo4j-common-5.13.0.jar:5.13.0]
	at org.neo4j.kernel.lifecycle.LifeSupport.start(LifeSupport.java:86) ~[neo4j-common-5.13.0.jar:5.13.0]
	at org.neo4j.graphdb.facade.DatabaseManagementServiceFactory.startDatabaseServer(DatabaseManagementServiceFactory.java:263) ~[neo4j-5.13.0.jar:5.13.0]
	... 5 more
2025-04-09 21:11:49.948+0000 INFO  Neo4j Server shutdown initiated by request
2025-04-09 21:11:49.949+0000 INFO  Stopped.
2025-04-09 21:11:52.124+0000 INFO  Logging config in use: Embedded default config 'default-user-logs.xml'
2025-04-09 21:11:52.127+0000 WARN  Use of deprecated setting 'dbms.directories.data'. It is replaced by 'server.directories.data'.
2025-04-09 21:11:52.127+0000 WARN  Use of deprecated setting 'dbms.directories.import'. It is replaced by 'server.directories.import'.
2025-04-09 21:11:52.127+0000 WARN  Use of deprecated setting 'dbms.directories.logs'. It is replaced by 'server.directories.logs'.
2025-04-09 21:11:52.127+0000 WARN  Use of deprecated setting 'dbms.connector.http.enabled'. It is replaced by 'server.http.enabled'.
2025-04-09 21:11:52.128+0000 WARN  Use of deprecated setting 'dbms.connector.http.listen_address'. It is replaced by 'server.http.listen_address'.
2025-04-09 21:11:52.128+0000 WARN  Use of deprecated setting 'dbms.connector.bolt.listen_address'. It is replaced by 'server.bolt.listen_address'.
2025-04-09 21:11:52.128+0000 WARN  Use of deprecated setting 'dbms.connector.bolt.tls_level'. It is replaced by 'server.bolt.tls_level'.
2025-04-09 21:11:52.128+0000 WARN  Use of deprecated setting 'dbms.connector.bolt.enabled'. It is replaced by 'server.bolt.enabled'.
2025-04-09 21:11:52.128+0000 WARN  Use of deprecated setting 'dbms.default_listen_address'. It is replaced by 'server.default_listen_address'.
2025-04-09 21:11:52.128+0000 WARN  Use of deprecated setting 'dbms.default_advertised_address'. It is replaced by 'server.default_advertised_address'.
2025-04-09 21:11:52.129+0000 WARN  Use of deprecated setting 'dbms.memory.pagecache.size'. It is replaced by 'server.memory.pagecache.size'.
2025-04-09 21:11:52.129+0000 WARN  Use of deprecated setting 'dbms.memory.heap.max_size'. It is replaced by 'server.memory.heap.max_size'.
2025-04-09 21:11:52.129+0000 WARN  Use of deprecated setting 'dbms.memory.heap.initial_size'. It is replaced by 'server.memory.heap.initial_size'.
2025-04-09 21:11:52.130+0000 INFO  Starting...
2025-04-09 21:11:52.569+0000 INFO  This instance is ServerId{acdcb086} (acdcb086-ae78-4e37-8ed7-e457745d9bfe)
2025-04-09 21:11:52.932+0000 INFO  ======== Neo4j 5.13.0 ========
2025-04-09 21:11:58.081+0000 ERROR Failed to start Neo4j on 0.0.0.0:7474.
java.lang.RuntimeException: Error starting Neo4j database server at /data/databases
	at org.neo4j.graphdb.facade.DatabaseManagementServiceFactory.startDatabaseServer(DatabaseManagementServiceFactory.java:272) ~[neo4j-5.13.0.jar:5.13.0]
	at org.neo4j.graphdb.facade.DatabaseManagementServiceFactory.build(DatabaseManagementServiceFactory.java:208) ~[neo4j-5.13.0.jar:5.13.0]
	at org.neo4j.server.CommunityBootstrapper.createNeo(CommunityBootstrapper.java:38) ~[neo4j-5.13.0.jar:5.13.0]
	at org.neo4j.server.NeoBootstrapper.start(NeoBootstrapper.java:187) [neo4j-5.13.0.jar:5.13.0]
	at org.neo4j.server.NeoBootstrapper.start(NeoBootstrapper.java:99) [neo4j-5.13.0.jar:5.13.0]
	at org.neo4j.server.CommunityEntryPoint.main(CommunityEntryPoint.java:30) [neo4j-5.13.0.jar:5.13.0]
Caused by: org.neo4j.kernel.lifecycle.LifecycleException: Component 'org.neo4j.bolt.BoltServer@4f169009' failed to initialize. Please see the attached cause exception "Requested encryption level OPTIONAL for Bolt connector but no SSL policy was given".
	at org.neo4j.kernel.lifecycle.LifeSupport$LifecycleInstance.init(LifeSupport.java:335) ~[neo4j-common-5.13.0.jar:5.13.0]
	at org.neo4j.kernel.lifecycle.LifeSupport.init(LifeSupport.java:57) ~[neo4j-common-5.13.0.jar:5.13.0]
	at org.neo4j.kernel.lifecycle.LifeSupport.start(LifeSupport.java:86) ~[neo4j-common-5.13.0.jar:5.13.0]
	at org.neo4j.graphdb.facade.DatabaseManagementServiceFactory.startDatabaseServer(DatabaseManagementServiceFactory.java:263) ~[neo4j-5.13.0.jar:5.13.0]
	... 5 more
Caused by: java.lang.IllegalStateException: Requested encryption level OPTIONAL for Bolt connector but no SSL policy was given
	at org.neo4j.bolt.BoltServer.init(BoltServer.java:256) ~[neo4j-bolt-5.13.0.jar:5.13.0]
	at org.neo4j.kernel.lifecycle.LifeSupport$LifecycleInstance.init(LifeSupport.java:318) ~[neo4j-common-5.13.0.jar:5.13.0]
	at org.neo4j.kernel.lifecycle.LifeSupport.init(LifeSupport.java:57) ~[neo4j-common-5.13.0.jar:5.13.0]
	at org.neo4j.kernel.lifecycle.LifeSupport.start(LifeSupport.java:86) ~[neo4j-common-5.13.0.jar:5.13.0]
	at org.neo4j.graphdb.facade.DatabaseManagementServiceFactory.startDatabaseServer(DatabaseManagementServiceFactory.java:263) ~[neo4j-5.13.0.jar:5.13.0]
	... 5 more
2025-04-09 21:11:58.087+0000 INFO  Neo4j Server shutdown initiated by request
2025-04-09 21:11:58.088+0000 INFO  Stopped.
2025-04-09 21:12:00.492+0000 INFO  Logging config in use: Embedded default config 'default-user-logs.xml'
2025-04-09 21:12:00.495+0000 WARN  Use of deprecated setting 'dbms.directories.data'. It is replaced by 'server.directories.data'.
2025-04-09 21:12:00.495+0000 WARN  Use of deprecated setting 'dbms.directories.import'. It is replaced by 'server.directories.import'.
2025-04-09 21:12:00.496+0000 WARN  Use of deprecated setting 'dbms.directories.logs'. It is replaced by 'server.directories.logs'.
2025-04-09 21:12:00.496+0000 WARN  Use of deprecated setting 'dbms.connector.http.enabled'. It is replaced by 'server.http.enabled'.
2025-04-09 21:12:00.496+0000 WARN  Use of deprecated setting 'dbms.connector.http.listen_address'. It is replaced by 'server.http.listen_address'.
2025-04-09 21:12:00.496+0000 WARN  Use of deprecated setting 'dbms.connector.bolt.listen_address'. It is replaced by 'server.bolt.listen_address'.
2025-04-09 21:12:00.496+0000 WARN  Use of deprecated setting 'dbms.connector.bolt.tls_level'. It is replaced by 'server.bolt.tls_level'.
2025-04-09 21:12:00.497+0000 WARN  Use of deprecated setting 'dbms.connector.bolt.enabled'. It is replaced by 'server.bolt.enabled'.
2025-04-09 21:12:00.497+0000 WARN  Use of deprecated setting 'dbms.default_listen_address'. It is replaced by 'server.default_listen_address'.
2025-04-09 21:12:00.497+0000 WARN  Use of deprecated setting 'dbms.default_advertised_address'. It is replaced by 'server.default_advertised_address'.
2025-04-09 21:12:00.497+0000 WARN  Use of deprecated setting 'dbms.memory.pagecache.size'. It is replaced by 'server.memory.pagecache.size'.
2025-04-09 21:12:00.498+0000 WARN  Use of deprecated setting 'dbms.memory.heap.max_size'. It is replaced by 'server.memory.heap.max_size'.
2025-04-09 21:12:00.498+0000 WARN  Use of deprecated setting 'dbms.memory.heap.initial_size'. It is replaced by 'server.memory.heap.initial_size'.
2025-04-09 21:12:00.499+0000 INFO  Starting...
2025-04-09 21:12:00.962+0000 INFO  This instance is ServerId{acdcb086} (acdcb086-ae78-4e37-8ed7-e457745d9bfe)
2025-04-09 21:12:01.354+0000 INFO  ======== Neo4j 5.13.0 ========
2025-04-09 21:12:06.507+0000 ERROR Failed to start Neo4j on 0.0.0.0:7474.
java.lang.RuntimeException: Error starting Neo4j database server at /data/databases
	at org.neo4j.graphdb.facade.DatabaseManagementServiceFactory.startDatabaseServer(DatabaseManagementServiceFactory.java:272) ~[neo4j-5.13.0.jar:5.13.0]
	at org.neo4j.graphdb.facade.DatabaseManagementServiceFactory.build(DatabaseManagementServiceFactory.java:208) ~[neo4j-5.13.0.jar:5.13.0]
	at org.neo4j.server.CommunityBootstrapper.createNeo(CommunityBootstrapper.java:38) ~[neo4j-5.13.0.jar:5.13.0]
	at org.neo4j.server.NeoBootstrapper.start(NeoBootstrapper.java:187) [neo4j-5.13.0.jar:5.13.0]
	at org.neo4j.server.NeoBootstrapper.start(NeoBootstrapper.java:99) [neo4j-5.13.0.jar:5.13.0]
	at org.neo4j.server.CommunityEntryPoint.main(CommunityEntryPoint.java:30) [neo4j-5.13.0.jar:5.13.0]
Caused by: org.neo4j.kernel.lifecycle.LifecycleException: Component 'org.neo4j.bolt.BoltServer@4f169009' failed to initialize. Please see the attached cause exception "Requested encryption level OPTIONAL for Bolt connector but no SSL policy was given".
	at org.neo4j.kernel.lifecycle.LifeSupport$LifecycleInstance.init(LifeSupport.java:335) ~[neo4j-common-5.13.0.jar:5.13.0]
	at org.neo4j.kernel.lifecycle.LifeSupport.init(LifeSupport.java:57) ~[neo4j-common-5.13.0.jar:5.13.0]
	at org.neo4j.kernel.lifecycle.LifeSupport.start(LifeSupport.java:86) ~[neo4j-common-5.13.0.jar:5.13.0]
	at org.neo4j.graphdb.facade.DatabaseManagementServiceFactory.startDatabaseServer(DatabaseManagementServiceFactory.java:263) ~[neo4j-5.13.0.jar:5.13.0]
	... 5 more
Caused by: java.lang.IllegalStateException: Requested encryption level OPTIONAL for Bolt connector but no SSL policy was given
	at org.neo4j.bolt.BoltServer.init(BoltServer.java:256) ~[neo4j-bolt-5.13.0.jar:5.13.0]
	at org.neo4j.kernel.lifecycle.LifeSupport$LifecycleInstance.init(LifeSupport.java:318) ~[neo4j-common-5.13.0.jar:5.13.0]
	at org.neo4j.kernel.lifecycle.LifeSupport.init(LifeSupport.java:57) ~[neo4j-common-5.13.0.jar:5.13.0]
	at org.neo4j.kernel.lifecycle.LifeSupport.start(LifeSupport.java:86) ~[neo4j-common-5.13.0.jar:5.13.0]
	at org.neo4j.graphdb.facade.DatabaseManagementServiceFactory.startDatabaseServer(DatabaseManagementServiceFactory.java:263) ~[neo4j-5.13.0.jar:5.13.0]
	... 5 more
2025-04-09 21:12:06.513+0000 INFO  Neo4j Server shutdown initiated by request
2025-04-09 21:12:06.513+0000 INFO  Stopped.
2025-04-09 21:12:08.990+0000 INFO  Logging config in use: Embedded default config 'default-user-logs.xml'
2025-04-09 21:12:08.993+0000 WARN  Use of deprecated setting 'dbms.directories.data'. It is replaced by 'server.directories.data'.
2025-04-09 21:12:08.994+0000 WARN  Use of deprecated setting 'dbms.directories.import'. It is replaced by 'server.directories.import'.
2025-04-09 21:12:08.994+0000 WARN  Use of deprecated setting 'dbms.directories.logs'. It is replaced by 'server.directories.logs'.
2025-04-09 21:12:08.994+0000 WARN  Use of deprecated setting 'dbms.connector.http.enabled'. It is replaced by 'server.http.enabled'.
2025-04-09 21:12:08.994+0000 WARN  Use of deprecated setting 'dbms.connector.http.listen_address'. It is replaced by 'server.http.listen_address'.
2025-04-09 21:12:08.994+0000 WARN  Use of deprecated setting 'dbms.connector.bolt.listen_address'. It is replaced by 'server.bolt.listen_address'.
2025-04-09 21:12:08.995+0000 WARN  Use of deprecated setting 'dbms.connector.bolt.tls_level'. It is replaced by 'server.bolt.tls_level'.
2025-04-09 21:12:08.995+0000 WARN  Use of deprecated setting 'dbms.connector.bolt.enabled'. It is replaced by 'server.bolt.enabled'.
2025-04-09 21:12:08.995+0000 WARN  Use of deprecated setting 'dbms.default_listen_address'. It is replaced by 'server.default_listen_address'.
2025-04-09 21:12:08.995+0000 WARN  Use of deprecated setting 'dbms.default_advertised_address'. It is replaced by 'server.default_advertised_address'.
2025-04-09 21:12:08.995+0000 WARN  Use of deprecated setting 'dbms.memory.pagecache.size'. It is replaced by 'server.memory.pagecache.size'.
2025-04-09 21:12:08.996+0000 WARN  Use of deprecated setting 'dbms.memory.heap.max_size'. It is replaced by 'server.memory.heap.max_size'.
2025-04-09 21:12:08.996+0000 WARN  Use of deprecated setting 'dbms.memory.heap.initial_size'. It is replaced by 'server.memory.heap.initial_size'.
2025-04-09 21:12:08.997+0000 INFO  Starting...
2025-04-09 21:12:09.436+0000 INFO  This instance is ServerId{acdcb086} (acdcb086-ae78-4e37-8ed7-e457745d9bfe)
2025-04-09 21:12:09.803+0000 INFO  ======== Neo4j 5.13.0 ========
2025-04-09 21:12:14.953+0000 ERROR Failed to start Neo4j on 0.0.0.0:7474.
java.lang.RuntimeException: Error starting Neo4j database server at /data/databases
	at org.neo4j.graphdb.facade.DatabaseManagementServiceFactory.startDatabaseServer(DatabaseManagementServiceFactory.java:272) ~[neo4j-5.13.0.jar:5.13.0]
	at org.neo4j.graphdb.facade.DatabaseManagementServiceFactory.build(DatabaseManagementServiceFactory.java:208) ~[neo4j-5.13.0.jar:5.13.0]
	at org.neo4j.server.CommunityBootstrapper.createNeo(CommunityBootstrapper.java:38) ~[neo4j-5.13.0.jar:5.13.0]
	at org.neo4j.server.NeoBootstrapper.start(NeoBootstrapper.java:187) [neo4j-5.13.0.jar:5.13.0]
	at org.neo4j.server.NeoBootstrapper.start(NeoBootstrapper.java:99) [neo4j-5.13.0.jar:5.13.0]
	at org.neo4j.server.CommunityEntryPoint.main(CommunityEntryPoint.java:30) [neo4j-5.13.0.jar:5.13.0]
Caused by: org.neo4j.kernel.lifecycle.LifecycleException: Component 'org.neo4j.bolt.BoltServer@4f169009' failed to initialize. Please see the attached cause exception "Requested encryption level OPTIONAL for Bolt connector but no SSL policy was given".
	at org.neo4j.kernel.lifecycle.LifeSupport$LifecycleInstance.init(LifeSupport.java:335) ~[neo4j-common-5.13.0.jar:5.13.0]
	at org.neo4j.kernel.lifecycle.LifeSupport.init(LifeSupport.java:57) ~[neo4j-common-5.13.0.jar:5.13.0]
	at org.neo4j.kernel.lifecycle.LifeSupport.start(LifeSupport.java:86) ~[neo4j-common-5.13.0.jar:5.13.0]
	at org.neo4j.graphdb.facade.DatabaseManagementServiceFactory.startDatabaseServer(DatabaseManagementServiceFactory.java:263) ~[neo4j-5.13.0.jar:5.13.0]
	... 5 more
Caused by: java.lang.IllegalStateException: Requested encryption level OPTIONAL for Bolt connector but no SSL policy was given
	at org.neo4j.bolt.BoltServer.init(BoltServer.java:256) ~[neo4j-bolt-5.13.0.jar:5.13.0]
	at org.neo4j.kernel.lifecycle.LifeSupport$LifecycleInstance.init(LifeSupport.java:318) ~[neo4j-common-5.13.0.jar:5.13.0]
	at org.neo4j.kernel.lifecycle.LifeSupport.init(LifeSupport.java:57) ~[neo4j-common-5.13.0.jar:5.13.0]
	at org.neo4j.kernel.lifecycle.LifeSupport.start(LifeSupport.java:86) ~[neo4j-common-5.13.0.jar:5.13.0]
	at org.neo4j.graphdb.facade.DatabaseManagementServiceFactory.startDatabaseServer(DatabaseManagementServiceFactory.java:263) ~[neo4j-5.13.0.jar:5.13.0]
	... 5 more
2025-04-09 21:12:14.958+0000 INFO  Neo4j Server shutdown initiated by request
2025-04-09 21:12:14.959+0000 INFO  Stopped.
2025-04-09 21:12:17.951+0000 INFO  Logging config in use: Embedded default config 'default-user-logs.xml'
2025-04-09 21:12:17.954+0000 WARN  Use of deprecated setting 'dbms.directories.data'. It is replaced by 'server.directories.data'.
2025-04-09 21:12:17.954+0000 WARN  Use of deprecated setting 'dbms.directories.import'. It is replaced by 'server.directories.import'.
2025-04-09 21:12:17.954+0000 WARN  Use of deprecated setting 'dbms.directories.logs'. It is replaced by 'server.directories.logs'.
2025-04-09 21:12:17.955+0000 WARN  Use of deprecated setting 'dbms.connector.http.enabled'. It is replaced by 'server.http.enabled'.
2025-04-09 21:12:17.955+0000 WARN  Use of deprecated setting 'dbms.connector.http.listen_address'. It is replaced by 'server.http.listen_address'.
2025-04-09 21:12:17.955+0000 WARN  Use of deprecated setting 'dbms.connector.bolt.listen_address'. It is replaced by 'server.bolt.listen_address'.
2025-04-09 21:12:17.955+0000 WARN  Use of deprecated setting 'dbms.connector.bolt.tls_level'. It is replaced by 'server.bolt.tls_level'.
2025-04-09 21:12:17.955+0000 WARN  Use of deprecated setting 'dbms.connector.bolt.enabled'. It is replaced by 'server.bolt.enabled'.
2025-04-09 21:12:17.956+0000 WARN  Use of deprecated setting 'dbms.default_listen_address'. It is replaced by 'server.default_listen_address'.
2025-04-09 21:12:17.956+0000 WARN  Use of deprecated setting 'dbms.default_advertised_address'. It is replaced by 'server.default_advertised_address'.
2025-04-09 21:12:17.956+0000 WARN  Use of deprecated setting 'dbms.memory.pagecache.size'. It is replaced by 'server.memory.pagecache.size'.
2025-04-09 21:12:17.956+0000 WARN  Use of deprecated setting 'dbms.memory.heap.max_size'. It is replaced by 'server.memory.heap.max_size'.
2025-04-09 21:12:17.956+0000 WARN  Use of deprecated setting 'dbms.memory.heap.initial_size'. It is replaced by 'server.memory.heap.initial_size'.
2025-04-09 21:12:17.958+0000 INFO  Starting...
2025-04-09 21:12:18.390+0000 INFO  This instance is ServerId{acdcb086} (acdcb086-ae78-4e37-8ed7-e457745d9bfe)
2025-04-09 21:12:18.758+0000 INFO  ======== Neo4j 5.13.0 ========
2025-04-09 21:12:23.882+0000 ERROR Failed to start Neo4j on 0.0.0.0:7474.
java.lang.RuntimeException: Error starting Neo4j database server at /data/databases
	at org.neo4j.graphdb.facade.DatabaseManagementServiceFactory.startDatabaseServer(DatabaseManagementServiceFactory.java:272) ~[neo4j-5.13.0.jar:5.13.0]
	at org.neo4j.graphdb.facade.DatabaseManagementServiceFactory.build(DatabaseManagementServiceFactory.java:208) ~[neo4j-5.13.0.jar:5.13.0]
	at org.neo4j.server.CommunityBootstrapper.createNeo(CommunityBootstrapper.java:38) ~[neo4j-5.13.0.jar:5.13.0]
	at org.neo4j.server.NeoBootstrapper.start(NeoBootstrapper.java:187) [neo4j-5.13.0.jar:5.13.0]
	at org.neo4j.server.NeoBootstrapper.start(NeoBootstrapper.java:99) [neo4j-5.13.0.jar:5.13.0]
	at org.neo4j.server.CommunityEntryPoint.main(CommunityEntryPoint.java:30) [neo4j-5.13.0.jar:5.13.0]
Caused by: org.neo4j.kernel.lifecycle.LifecycleException: Component 'org.neo4j.bolt.BoltServer@4f169009' failed to initialize. Please see the attached cause exception "Requested encryption level OPTIONAL for Bolt connector but no SSL policy was given".
	at org.neo4j.kernel.lifecycle.LifeSupport$LifecycleInstance.init(LifeSupport.java:335) ~[neo4j-common-5.13.0.jar:5.13.0]
	at org.neo4j.kernel.lifecycle.LifeSupport.init(LifeSupport.java:57) ~[neo4j-common-5.13.0.jar:5.13.0]
	at org.neo4j.kernel.lifecycle.LifeSupport.start(LifeSupport.java:86) ~[neo4j-common-5.13.0.jar:5.13.0]
	at org.neo4j.graphdb.facade.DatabaseManagementServiceFactory.startDatabaseServer(DatabaseManagementServiceFactory.java:263) ~[neo4j-5.13.0.jar:5.13.0]
	... 5 more
Caused by: java.lang.IllegalStateException: Requested encryption level OPTIONAL for Bolt connector but no SSL policy was given
	at org.neo4j.bolt.BoltServer.init(BoltServer.java:256) ~[neo4j-bolt-5.13.0.jar:5.13.0]
	at org.neo4j.kernel.lifecycle.LifeSupport$LifecycleInstance.init(LifeSupport.java:318) ~[neo4j-common-5.13.0.jar:5.13.0]
	at org.neo4j.kernel.lifecycle.LifeSupport.init(LifeSupport.java:57) ~[neo4j-common-5.13.0.jar:5.13.0]
	at org.neo4j.kernel.lifecycle.LifeSupport.start(LifeSupport.java:86) ~[neo4j-common-5.13.0.jar:5.13.0]
	at org.neo4j.graphdb.facade.DatabaseManagementServiceFactory.startDatabaseServer(DatabaseManagementServiceFactory.java:263) ~[neo4j-5.13.0.jar:5.13.0]
	... 5 more
2025-04-09 21:12:23.889+0000 INFO  Neo4j Server shutdown initiated by request
2025-04-09 21:12:23.889+0000 INFO  Stopped.
2025-04-09 21:12:27.636+0000 INFO  Logging config in use: Embedded default config 'default-user-logs.xml'
2025-04-09 21:12:27.640+0000 WARN  Use of deprecated setting 'dbms.directories.data'. It is replaced by 'server.directories.data'.
2025-04-09 21:12:27.641+0000 WARN  Use of deprecated setting 'dbms.directories.import'. It is replaced by 'server.directories.import'.
2025-04-09 21:12:27.641+0000 WARN  Use of deprecated setting 'dbms.directories.logs'. It is replaced by 'server.directories.logs'.
2025-04-09 21:12:27.641+0000 WARN  Use of deprecated setting 'dbms.connector.http.enabled'. It is replaced by 'server.http.enabled'.
2025-04-09 21:12:27.641+0000 WARN  Use of deprecated setting 'dbms.connector.http.listen_address'. It is replaced by 'server.http.listen_address'.
2025-04-09 21:12:27.642+0000 WARN  Use of deprecated setting 'dbms.connector.bolt.listen_address'. It is replaced by 'server.bolt.listen_address'.
2025-04-09 21:12:27.642+0000 WARN  Use of deprecated setting 'dbms.connector.bolt.tls_level'. It is replaced by 'server.bolt.tls_level'.
2025-04-09 21:12:27.642+0000 WARN  Use of deprecated setting 'dbms.connector.bolt.enabled'. It is replaced by 'server.bolt.enabled'.
2025-04-09 21:12:27.642+0000 WARN  Use of deprecated setting 'dbms.default_listen_address'. It is replaced by 'server.default_listen_address'.
2025-04-09 21:12:27.642+0000 WARN  Use of deprecated setting 'dbms.default_advertised_address'. It is replaced by 'server.default_advertised_address'.
2025-04-09 21:12:27.642+0000 WARN  Use of deprecated setting 'dbms.memory.pagecache.size'. It is replaced by 'server.memory.pagecache.size'.
2025-04-09 21:12:27.643+0000 WARN  Use of deprecated setting 'dbms.memory.heap.max_size'. It is replaced by 'server.memory.heap.max_size'.
2025-04-09 21:12:27.643+0000 WARN  Use of deprecated setting 'dbms.memory.heap.initial_size'. It is replaced by 'server.memory.heap.initial_size'.
2025-04-09 21:12:27.644+0000 INFO  Starting...
2025-04-09 21:12:28.090+0000 INFO  This instance is ServerId{acdcb086} (acdcb086-ae78-4e37-8ed7-e457745d9bfe)
2025-04-09 21:12:28.450+0000 INFO  ======== Neo4j 5.13.0 ========
2025-04-09 21:12:33.563+0000 ERROR Failed to start Neo4j on 0.0.0.0:7474.
java.lang.RuntimeException: Error starting Neo4j database server at /data/databases
	at org.neo4j.graphdb.facade.DatabaseManagementServiceFactory.startDatabaseServer(DatabaseManagementServiceFactory.java:272) ~[neo4j-5.13.0.jar:5.13.0]
	at org.neo4j.graphdb.facade.DatabaseManagementServiceFactory.build(DatabaseManagementServiceFactory.java:208) ~[neo4j-5.13.0.jar:5.13.0]
	at org.neo4j.server.CommunityBootstrapper.createNeo(CommunityBootstrapper.java:38) ~[neo4j-5.13.0.jar:5.13.0]
	at org.neo4j.server.NeoBootstrapper.start(NeoBootstrapper.java:187) [neo4j-5.13.0.jar:5.13.0]
	at org.neo4j.server.NeoBootstrapper.start(NeoBootstrapper.java:99) [neo4j-5.13.0.jar:5.13.0]
	at org.neo4j.server.CommunityEntryPoint.main(CommunityEntryPoint.java:30) [neo4j-5.13.0.jar:5.13.0]
Caused by: org.neo4j.kernel.lifecycle.LifecycleException: Component 'org.neo4j.bolt.BoltServer@4f169009' failed to initialize. Please see the attached cause exception "Requested encryption level OPTIONAL for Bolt connector but no SSL policy was given".
	at org.neo4j.kernel.lifecycle.LifeSupport$LifecycleInstance.init(LifeSupport.java:335) ~[neo4j-common-5.13.0.jar:5.13.0]
	at org.neo4j.kernel.lifecycle.LifeSupport.init(LifeSupport.java:57) ~[neo4j-common-5.13.0.jar:5.13.0]
	at org.neo4j.kernel.lifecycle.LifeSupport.start(LifeSupport.java:86) ~[neo4j-common-5.13.0.jar:5.13.0]
	at org.neo4j.graphdb.facade.DatabaseManagementServiceFactory.startDatabaseServer(DatabaseManagementServiceFactory.java:263) ~[neo4j-5.13.0.jar:5.13.0]
	... 5 more
Caused by: java.lang.IllegalStateException: Requested encryption level OPTIONAL for Bolt connector but no SSL policy was given
	at org.neo4j.bolt.BoltServer.init(BoltServer.java:256) ~[neo4j-bolt-5.13.0.jar:5.13.0]
	at org.neo4j.kernel.lifecycle.LifeSupport$LifecycleInstance.init(LifeSupport.java:318) ~[neo4j-common-5.13.0.jar:5.13.0]
	at org.neo4j.kernel.lifecycle.LifeSupport.init(LifeSupport.java:57) ~[neo4j-common-5.13.0.jar:5.13.0]
	at org.neo4j.kernel.lifecycle.LifeSupport.start(LifeSupport.java:86) ~[neo4j-common-5.13.0.jar:5.13.0]
	at org.neo4j.graphdb.facade.DatabaseManagementServiceFactory.startDatabaseServer(DatabaseManagementServiceFactory.java:263) ~[neo4j-5.13.0.jar:5.13.0]
	... 5 more
2025-04-09 21:12:33.566+0000 INFO  Neo4j Server shutdown initiated by request
2025-04-09 21:12:33.567+0000 INFO  Stopped.
2025-04-09 21:12:39.032+0000 INFO  Logging config in use: Embedded default config 'default-user-logs.xml'
2025-04-09 21:12:39.036+0000 WARN  Use of deprecated setting 'dbms.directories.data'. It is replaced by 'server.directories.data'.
2025-04-09 21:12:39.036+0000 WARN  Use of deprecated setting 'dbms.directories.import'. It is replaced by 'server.directories.import'.
2025-04-09 21:12:39.038+0000 WARN  Use of deprecated setting 'dbms.directories.logs'. It is replaced by 'server.directories.logs'.
2025-04-09 21:12:39.039+0000 WARN  Use of deprecated setting 'dbms.connector.http.enabled'. It is replaced by 'server.http.enabled'.
2025-04-09 21:12:39.040+0000 WARN  Use of deprecated setting 'dbms.connector.http.listen_address'. It is replaced by 'server.http.listen_address'.
2025-04-09 21:12:39.041+0000 WARN  Use of deprecated setting 'dbms.connector.bolt.listen_address'. It is replaced by 'server.bolt.listen_address'.
2025-04-09 21:12:39.041+0000 WARN  Use of deprecated setting 'dbms.connector.bolt.tls_level'. It is replaced by 'server.bolt.tls_level'.
2025-04-09 21:12:39.042+0000 WARN  Use of deprecated setting 'dbms.connector.bolt.enabled'. It is replaced by 'server.bolt.enabled'.
2025-04-09 21:12:39.042+0000 WARN  Use of deprecated setting 'dbms.default_listen_address'. It is replaced by 'server.default_listen_address'.
2025-04-09 21:12:39.042+0000 WARN  Use of deprecated setting 'dbms.default_advertised_address'. It is replaced by 'server.default_advertised_address'.
2025-04-09 21:12:39.043+0000 WARN  Use of deprecated setting 'dbms.memory.pagecache.size'. It is replaced by 'server.memory.pagecache.size'.
2025-04-09 21:12:39.043+0000 WARN  Use of deprecated setting 'dbms.memory.heap.max_size'. It is replaced by 'server.memory.heap.max_size'.
2025-04-09 21:12:39.043+0000 WARN  Use of deprecated setting 'dbms.memory.heap.initial_size'. It is replaced by 'server.memory.heap.initial_size'.
2025-04-09 21:12:39.044+0000 INFO  Starting...
2025-04-09 21:12:39.519+0000 INFO  This instance is ServerId{acdcb086} (acdcb086-ae78-4e37-8ed7-e457745d9bfe)
2025-04-09 21:12:39.928+0000 INFO  ======== Neo4j 5.13.0 ========
2025-04-09 21:12:45.056+0000 ERROR Failed to start Neo4j on 0.0.0.0:7474.
java.lang.RuntimeException: Error starting Neo4j database server at /data/databases
	at org.neo4j.graphdb.facade.DatabaseManagementServiceFactory.startDatabaseServer(DatabaseManagementServiceFactory.java:272) ~[neo4j-5.13.0.jar:5.13.0]
	at org.neo4j.graphdb.facade.DatabaseManagementServiceFactory.build(DatabaseManagementServiceFactory.java:208) ~[neo4j-5.13.0.jar:5.13.0]
	at org.neo4j.server.CommunityBootstrapper.createNeo(CommunityBootstrapper.java:38) ~[neo4j-5.13.0.jar:5.13.0]
	at org.neo4j.server.NeoBootstrapper.start(NeoBootstrapper.java:187) [neo4j-5.13.0.jar:5.13.0]
	at org.neo4j.server.NeoBootstrapper.start(NeoBootstrapper.java:99) [neo4j-5.13.0.jar:5.13.0]
	at org.neo4j.server.CommunityEntryPoint.main(CommunityEntryPoint.java:30) [neo4j-5.13.0.jar:5.13.0]
Caused by: org.neo4j.kernel.lifecycle.LifecycleException: Component 'org.neo4j.bolt.BoltServer@4f169009' failed to initialize. Please see the attached cause exception "Requested encryption level OPTIONAL for Bolt connector but no SSL policy was given".
	at org.neo4j.kernel.lifecycle.LifeSupport$LifecycleInstance.init(LifeSupport.java:335) ~[neo4j-common-5.13.0.jar:5.13.0]
	at org.neo4j.kernel.lifecycle.LifeSupport.init(LifeSupport.java:57) ~[neo4j-common-5.13.0.jar:5.13.0]
	at org.neo4j.kernel.lifecycle.LifeSupport.start(LifeSupport.java:86) ~[neo4j-common-5.13.0.jar:5.13.0]
	at org.neo4j.graphdb.facade.DatabaseManagementServiceFactory.startDatabaseServer(DatabaseManagementServiceFactory.java:263) ~[neo4j-5.13.0.jar:5.13.0]
	... 5 more
Caused by: java.lang.IllegalStateException: Requested encryption level OPTIONAL for Bolt connector but no SSL policy was given
	at org.neo4j.bolt.BoltServer.init(BoltServer.java:256) ~[neo4j-bolt-5.13.0.jar:5.13.0]
	at org.neo4j.kernel.lifecycle.LifeSupport$LifecycleInstance.init(LifeSupport.java:318) ~[neo4j-common-5.13.0.jar:5.13.0]
	at org.neo4j.kernel.lifecycle.LifeSupport.init(LifeSupport.java:57) ~[neo4j-common-5.13.0.jar:5.13.0]
	at org.neo4j.kernel.lifecycle.LifeSupport.start(LifeSupport.java:86) ~[neo4j-common-5.13.0.jar:5.13.0]
	at org.neo4j.graphdb.facade.DatabaseManagementServiceFactory.startDatabaseServer(DatabaseManagementServiceFactory.java:263) ~[neo4j-5.13.0.jar:5.13.0]
	... 5 more
2025-04-09 21:12:45.061+0000 INFO  Neo4j Server shutdown initiated by request
2025-04-09 21:12:45.061+0000 INFO  Stopped.
2025-04-09 21:12:53.729+0000 INFO  Logging config in use: Embedded default config 'default-user-logs.xml'
2025-04-09 21:12:53.733+0000 WARN  Use of deprecated setting 'dbms.directories.data'. It is replaced by 'server.directories.data'.
2025-04-09 21:12:53.733+0000 WARN  Use of deprecated setting 'dbms.directories.import'. It is replaced by 'server.directories.import'.
2025-04-09 21:12:53.733+0000 WARN  Use of deprecated setting 'dbms.directories.logs'. It is replaced by 'server.directories.logs'.
2025-04-09 21:12:53.733+0000 WARN  Use of deprecated setting 'dbms.connector.http.enabled'. It is replaced by 'server.http.enabled'.
2025-04-09 21:12:53.734+0000 WARN  Use of deprecated setting 'dbms.connector.http.listen_address'. It is replaced by 'server.http.listen_address'.
2025-04-09 21:12:53.734+0000 WARN  Use of deprecated setting 'dbms.connector.bolt.listen_address'. It is replaced by 'server.bolt.listen_address'.
2025-04-09 21:12:53.734+0000 WARN  Use of deprecated setting 'dbms.connector.bolt.tls_level'. It is replaced by 'server.bolt.tls_level'.
2025-04-09 21:12:53.734+0000 WARN  Use of deprecated setting 'dbms.connector.bolt.enabled'. It is replaced by 'server.bolt.enabled'.
2025-04-09 21:12:53.734+0000 WARN  Use of deprecated setting 'dbms.default_listen_address'. It is replaced by 'server.default_listen_address'.
2025-04-09 21:12:53.735+0000 WARN  Use of deprecated setting 'dbms.default_advertised_address'. It is replaced by 'server.default_advertised_address'.
2025-04-09 21:12:53.735+0000 WARN  Use of deprecated setting 'dbms.memory.pagecache.size'. It is replaced by 'server.memory.pagecache.size'.
2025-04-09 21:12:53.735+0000 WARN  Use of deprecated setting 'dbms.memory.heap.max_size'. It is replaced by 'server.memory.heap.max_size'.
2025-04-09 21:12:53.735+0000 WARN  Use of deprecated setting 'dbms.memory.heap.initial_size'. It is replaced by 'server.memory.heap.initial_size'.
2025-04-09 21:12:53.736+0000 INFO  Starting...
2025-04-09 21:12:54.216+0000 INFO  This instance is ServerId{acdcb086} (acdcb086-ae78-4e37-8ed7-e457745d9bfe)
2025-04-09 21:12:54.633+0000 INFO  ======== Neo4j 5.13.0 ========
2025-04-09 21:12:59.748+0000 ERROR Failed to start Neo4j on 0.0.0.0:7474.
java.lang.RuntimeException: Error starting Neo4j database server at /data/databases
	at org.neo4j.graphdb.facade.DatabaseManagementServiceFactory.startDatabaseServer(DatabaseManagementServiceFactory.java:272) ~[neo4j-5.13.0.jar:5.13.0]
	at org.neo4j.graphdb.facade.DatabaseManagementServiceFactory.build(DatabaseManagementServiceFactory.java:208) ~[neo4j-5.13.0.jar:5.13.0]
	at org.neo4j.server.CommunityBootstrapper.createNeo(CommunityBootstrapper.java:38) ~[neo4j-5.13.0.jar:5.13.0]
	at org.neo4j.server.NeoBootstrapper.start(NeoBootstrapper.java:187) [neo4j-5.13.0.jar:5.13.0]
	at org.neo4j.server.NeoBootstrapper.start(NeoBootstrapper.java:99) [neo4j-5.13.0.jar:5.13.0]
	at org.neo4j.server.CommunityEntryPoint.main(CommunityEntryPoint.java:30) [neo4j-5.13.0.jar:5.13.0]
Caused by: org.neo4j.kernel.lifecycle.LifecycleException: Component 'org.neo4j.bolt.BoltServer@4f169009' failed to initialize. Please see the attached cause exception "Requested encryption level OPTIONAL for Bolt connector but no SSL policy was given".
	at org.neo4j.kernel.lifecycle.LifeSupport$LifecycleInstance.init(LifeSupport.java:335) ~[neo4j-common-5.13.0.jar:5.13.0]
	at org.neo4j.kernel.lifecycle.LifeSupport.init(LifeSupport.java:57) ~[neo4j-common-5.13.0.jar:5.13.0]
	at org.neo4j.kernel.lifecycle.LifeSupport.start(LifeSupport.java:86) ~[neo4j-common-5.13.0.jar:5.13.0]
	at org.neo4j.graphdb.facade.DatabaseManagementServiceFactory.startDatabaseServer(DatabaseManagementServiceFactory.java:263) ~[neo4j-5.13.0.jar:5.13.0]
	... 5 more
Caused by: java.lang.IllegalStateException: Requested encryption level OPTIONAL for Bolt connector but no SSL policy was given
	at org.neo4j.bolt.BoltServer.init(BoltServer.java:256) ~[neo4j-bolt-5.13.0.jar:5.13.0]
	at org.neo4j.kernel.lifecycle.LifeSupport$LifecycleInstance.init(LifeSupport.java:318) ~[neo4j-common-5.13.0.jar:5.13.0]
	at org.neo4j.kernel.lifecycle.LifeSupport.init(LifeSupport.java:57) ~[neo4j-common-5.13.0.jar:5.13.0]
	at org.neo4j.kernel.lifecycle.LifeSupport.start(LifeSupport.java:86) ~[neo4j-common-5.13.0.jar:5.13.0]
	at org.neo4j.graphdb.facade.DatabaseManagementServiceFactory.startDatabaseServer(DatabaseManagementServiceFactory.java:263) ~[neo4j-5.13.0.jar:5.13.0]
	... 5 more
2025-04-09 21:12:59.751+0000 INFO  Neo4j Server shutdown initiated by request
2025-04-09 21:12:59.751+0000 INFO  Stopped.
2025-04-09 21:13:14.633+0000 INFO  Logging config in use: Embedded default config 'default-user-logs.xml'
2025-04-09 21:13:14.636+0000 WARN  Use of deprecated setting 'dbms.directories.data'. It is replaced by 'server.directories.data'.
2025-04-09 21:13:14.636+0000 WARN  Use of deprecated setting 'dbms.directories.import'. It is replaced by 'server.directories.import'.
2025-04-09 21:13:14.637+0000 WARN  Use of deprecated setting 'dbms.directories.logs'. It is replaced by 'server.directories.logs'.
2025-04-09 21:13:14.637+0000 WARN  Use of deprecated setting 'dbms.connector.http.enabled'. It is replaced by 'server.http.enabled'.
2025-04-09 21:13:14.637+0000 WARN  Use of deprecated setting 'dbms.connector.http.listen_address'. It is replaced by 'server.http.listen_address'.
2025-04-09 21:13:14.637+0000 WARN  Use of deprecated setting 'dbms.connector.bolt.listen_address'. It is replaced by 'server.bolt.listen_address'.
2025-04-09 21:13:14.637+0000 WARN  Use of deprecated setting 'dbms.connector.bolt.tls_level'. It is replaced by 'server.bolt.tls_level'.
2025-04-09 21:13:14.637+0000 WARN  Use of deprecated setting 'dbms.connector.bolt.enabled'. It is replaced by 'server.bolt.enabled'.
2025-04-09 21:13:14.638+0000 WARN  Use of deprecated setting 'dbms.default_listen_address'. It is replaced by 'server.default_listen_address'.
2025-04-09 21:13:14.638+0000 WARN  Use of deprecated setting 'dbms.default_advertised_address'. It is replaced by 'server.default_advertised_address'.
2025-04-09 21:13:14.638+0000 WARN  Use of deprecated setting 'dbms.memory.pagecache.size'. It is replaced by 'server.memory.pagecache.size'.
2025-04-09 21:13:14.638+0000 WARN  Use of deprecated setting 'dbms.memory.heap.max_size'. It is replaced by 'server.memory.heap.max_size'.
2025-04-09 21:13:14.638+0000 WARN  Use of deprecated setting 'dbms.memory.heap.initial_size'. It is replaced by 'server.memory.heap.initial_size'.
2025-04-09 21:13:14.639+0000 INFO  Starting...
2025-04-09 21:13:15.079+0000 INFO  This instance is ServerId{acdcb086} (acdcb086-ae78-4e37-8ed7-e457745d9bfe)
2025-04-09 21:13:15.435+0000 INFO  ======== Neo4j 5.13.0 ========
2025-04-09 21:13:20.562+0000 ERROR Failed to start Neo4j on 0.0.0.0:7474.
java.lang.RuntimeException: Error starting Neo4j database server at /data/databases
	at org.neo4j.graphdb.facade.DatabaseManagementServiceFactory.startDatabaseServer(DatabaseManagementServiceFactory.java:272) ~[neo4j-5.13.0.jar:5.13.0]
	at org.neo4j.graphdb.facade.DatabaseManagementServiceFactory.build(DatabaseManagementServiceFactory.java:208) ~[neo4j-5.13.0.jar:5.13.0]
	at org.neo4j.server.CommunityBootstrapper.createNeo(CommunityBootstrapper.java:38) ~[neo4j-5.13.0.jar:5.13.0]
	at org.neo4j.server.NeoBootstrapper.start(NeoBootstrapper.java:187) [neo4j-5.13.0.jar:5.13.0]
	at org.neo4j.server.NeoBootstrapper.start(NeoBootstrapper.java:99) [neo4j-5.13.0.jar:5.13.0]
	at org.neo4j.server.CommunityEntryPoint.main(CommunityEntryPoint.java:30) [neo4j-5.13.0.jar:5.13.0]
Caused by: org.neo4j.kernel.lifecycle.LifecycleException: Component 'org.neo4j.bolt.BoltServer@4f169009' failed to initialize. Please see the attached cause exception "Requested encryption level OPTIONAL for Bolt connector but no SSL policy was given".
	at org.neo4j.kernel.lifecycle.LifeSupport$LifecycleInstance.init(LifeSupport.java:335) ~[neo4j-common-5.13.0.jar:5.13.0]
	at org.neo4j.kernel.lifecycle.LifeSupport.init(LifeSupport.java:57) ~[neo4j-common-5.13.0.jar:5.13.0]
	at org.neo4j.kernel.lifecycle.LifeSupport.start(LifeSupport.java:86) ~[neo4j-common-5.13.0.jar:5.13.0]
	at org.neo4j.graphdb.facade.DatabaseManagementServiceFactory.startDatabaseServer(DatabaseManagementServiceFactory.java:263) ~[neo4j-5.13.0.jar:5.13.0]
	... 5 more
Caused by: java.lang.IllegalStateException: Requested encryption level OPTIONAL for Bolt connector but no SSL policy was given
	at org.neo4j.bolt.BoltServer.init(BoltServer.java:256) ~[neo4j-bolt-5.13.0.jar:5.13.0]
	at org.neo4j.kernel.lifecycle.LifeSupport$LifecycleInstance.init(LifeSupport.java:318) ~[neo4j-common-5.13.0.jar:5.13.0]
	at org.neo4j.kernel.lifecycle.LifeSupport.init(LifeSupport.java:57) ~[neo4j-common-5.13.0.jar:5.13.0]
	at org.neo4j.kernel.lifecycle.LifeSupport.start(LifeSupport.java:86) ~[neo4j-common-5.13.0.jar:5.13.0]
	at org.neo4j.graphdb.facade.DatabaseManagementServiceFactory.startDatabaseServer(DatabaseManagementServiceFactory.java:263) ~[neo4j-5.13.0.jar:5.13.0]
	... 5 more
2025-04-09 21:13:20.565+0000 INFO  Neo4j Server shutdown initiated by request
2025-04-09 21:13:20.566+0000 INFO  Stopped.
2025-04-09 21:21:48.154+0000 INFO  Logging config in use: Embedded default config 'default-user-logs.xml'
2025-04-09 21:21:48.159+0000 WARN  Use of deprecated setting 'dbms.directories.data'. It is replaced by 'server.directories.data'.
2025-04-09 21:21:48.159+0000 WARN  Use of deprecated setting 'dbms.directories.import'. It is replaced by 'server.directories.import'.
2025-04-09 21:21:48.159+0000 WARN  Use of deprecated setting 'dbms.directories.logs'. It is replaced by 'server.directories.logs'.
2025-04-09 21:21:48.160+0000 WARN  Use of deprecated setting 'dbms.connector.http.enabled'. It is replaced by 'server.http.enabled'.
2025-04-09 21:21:48.160+0000 WARN  Use of deprecated setting 'dbms.connector.http.listen_address'. It is replaced by 'server.http.listen_address'.
2025-04-09 21:21:48.161+0000 WARN  Use of deprecated setting 'dbms.connector.bolt.listen_address'. It is replaced by 'server.bolt.listen_address'.
2025-04-09 21:21:48.161+0000 WARN  Use of deprecated setting 'dbms.connector.bolt.tls_level'. It is replaced by 'server.bolt.tls_level'.
2025-04-09 21:21:48.161+0000 WARN  Use of deprecated setting 'dbms.connector.bolt.enabled'. It is replaced by 'server.bolt.enabled'.
2025-04-09 21:21:48.161+0000 WARN  Use of deprecated setting 'dbms.default_listen_address'. It is replaced by 'server.default_listen_address'.
2025-04-09 21:21:48.162+0000 WARN  Use of deprecated setting 'dbms.default_advertised_address'. It is replaced by 'server.default_advertised_address'.
2025-04-09 21:21:48.162+0000 WARN  Use of deprecated setting 'dbms.memory.pagecache.size'. It is replaced by 'server.memory.pagecache.size'.
2025-04-09 21:21:48.162+0000 WARN  Use of deprecated setting 'dbms.memory.heap.max_size'. It is replaced by 'server.memory.heap.max_size'.
2025-04-09 21:21:48.162+0000 WARN  Use of deprecated setting 'dbms.memory.heap.initial_size'. It is replaced by 'server.memory.heap.initial_size'.
2025-04-09 21:21:48.164+0000 INFO  Starting...
2025-04-09 21:21:48.611+0000 INFO  This instance is ServerId{acdcb086} (acdcb086-ae78-4e37-8ed7-e457745d9bfe)
2025-04-09 21:21:48.976+0000 INFO  ======== Neo4j 5.13.0 ========
2025-04-09 21:21:49.975+0000 INFO  Bolt enabled on 0.0.0.0:7687.
2025-04-09 21:21:50.343+0000 INFO  HTTP enabled on 0.0.0.0:7474.
2025-04-09 21:21:50.344+0000 INFO  Remote interface available at http://neo4j:7474/
2025-04-09 21:21:50.345+0000 INFO  id: A3C179B7D0CE5EA541C34D20B29EC8CC9DB638C0DE411130C89E894B30789148
2025-04-09 21:21:50.346+0000 INFO  name: system
2025-04-09 21:21:50.346+0000 INFO  creationDate: 2025-04-09T21:21:49.299Z
2025-04-09 21:21:50.346+0000 INFO  Started.
2025-04-09 21:22:15.461+0000 WARN  [bolt-5] The client is unauthorized due to authentication failure.
2025-04-09 21:22:15.472+0000 WARN  [bolt-6] The client is unauthorized due to authentication failure.
2025-04-09 21:22:15.487+0000 WARN  [bolt-7] The client is unauthorized due to authentication failure.
2025-04-09 21:22:15.502+0000 WARN  [bolt-8] The client has provided incorrect authentication details too many times in a row.
2025-04-09 21:22:15.519+0000 WARN  [bolt-9] The client has provided incorrect authentication details too many times in a row.
2025-04-09 21:22:15.534+0000 WARN  [bolt-10] The client has provided incorrect authentication details too many times in a row.
2025-04-10 00:26:34.789+0000 INFO  Neo4j Server shutdown initiated by request
2025-04-10 00:26:34.790+0000 INFO  Stopping...
2025-04-10 00:26:39.854+0000 INFO  Stopped.
